  [1m[36m (1.2ms)[0m  [1mCREATE TABLE "schema_migrations" ("version" varchar NOT NULL) [0m
  [1m[35m (0.0ms)[0m  select sqlite_version(*)
  [1m[36m (1.0ms)[0m  [1mCREATE UNIQUE INDEX "unique_schema_migrations" ON "schema_migrations" ("version")[0m
  [1m[35mActiveRecord::SchemaMigration Load (0.1ms)[0m  SELECT "schema_migrations".* FROM "schema_migrations"
  [1m[36mActiveRecord::SchemaMigration Load (0.1ms)[0m  [1mSELECT "schema_migrations".* FROM "schema_migrations"[0m
Migrating to CreatePosts (20151230232412)
  [1m[35m (0.1ms)[0m  begin transaction
  [1m[36m (0.4ms)[0m  [1mCREATE TABLE "posts" ("id" INTEGER PRIMARY KEY AUTOINCREMENT NOT NULL, "title" varchar, "description" text, "created_at" datetime NOT NULL, "updated_at" datetime NOT NULL) [0m
  [1m[35mSQL (0.2ms)[0m  INSERT INTO "schema_migrations" ("version") VALUES (?)  [["version", "20151230232412"]]
  [1m[36m (1.3ms)[0m  [1mcommit transaction[0m
  [1m[35mActiveRecord::SchemaMigration Load (0.1ms)[0m  SELECT "schema_migrations".* FROM "schema_migrations"


Started GET "/" for ::1 at 2019-01-13 20:25:32 +0000
  [1m[36mActiveRecord::SchemaMigration Load (0.1ms)[0m  [1mSELECT "schema_migrations".* FROM "schema_migrations"[0m
Processing by Rails::WelcomeController#index as HTML
  Rendered /Users/flatironschool/.rvm/gems/ruby-2.5.3/gems/railties-4.2.11/lib/rails/templates/rails/welcome/index.html.erb (2.3ms)
Completed 200 OK in 20ms (Views: 14.2ms | ActiveRecord: 0.0ms)


Started GET "/" for ::1 at 2019-01-13 20:26:04 +0000
Processing by Rails::WelcomeController#index as HTML
  Rendered /Users/flatironschool/.rvm/gems/ruby-2.5.3/gems/railties-4.2.11/lib/rails/templates/rails/welcome/index.html.erb (0.1ms)
Completed 200 OK in 5ms (Views: 4.2ms | ActiveRecord: 0.0ms)


Started GET "/posts" for ::1 at 2019-01-13 20:26:30 +0000
Processing by PostsController#index as HTML
  [1m[35mPost Load (0.1ms)[0m  SELECT "posts".* FROM "posts"
  Rendered posts/index.html.erb within layouts/application (1.2ms)
Completed 200 OK in 344ms (Views: 342.0ms | ActiveRecord: 0.2ms)
  [1m[36mActiveRecord::SchemaMigration Load (0.1ms)[0m  [1mSELECT "schema_migrations".* FROM "schema_migrations"[0m
  [1m[35m (0.0ms)[0m  begin transaction
  [1m[36mSQL (0.5ms)[0m  [1mINSERT INTO "posts" ("title", "description", "created_at", "updated_at") VALUES (?, ?, ?, ?)[0m  [["title", "Science"], ["description", "chemicals and biological potions"], ["created_at", "2019-01-13 20:31:16.621318"], ["updated_at", "2019-01-13 20:31:16.621318"]]
  [1m[35m (1.4ms)[0m  commit transaction
  [1m[36m (0.1ms)[0m  [1mbegin transaction[0m
  [1m[35mSQL (0.3ms)[0m  INSERT INTO "posts" ("title", "description", "created_at", "updated_at") VALUES (?, ?, ?, ?)  [["title", "Technology"], ["description", "Computers and gadgets galore"], ["created_at", "2019-01-13 20:31:16.624686"], ["updated_at", "2019-01-13 20:31:16.624686"]]
  [1m[36m (1.5ms)[0m  [1mcommit transaction[0m
  [1m[35m (0.2ms)[0m  begin transaction
  [1m[36mSQL (0.4ms)[0m  [1mINSERT INTO "posts" ("title", "description", "created_at", "updated_at") VALUES (?, ?, ?, ?)[0m  [["title", "Engineering"], ["description", "The physics of physical things we made"], ["created_at", "2019-01-13 20:31:16.628164"], ["updated_at", "2019-01-13 20:31:16.628164"]]
  [1m[35m (1.4ms)[0m  commit transaction
  [1m[36m (0.0ms)[0m  [1mbegin transaction[0m
  [1m[35mSQL (0.3ms)[0m  INSERT INTO "posts" ("title", "description", "created_at", "updated_at") VALUES (?, ?, ?, ?)  [["title", "Maths"], ["description", "Pythagoras and all that"], ["created_at", "2019-01-13 20:31:16.631588"], ["updated_at", "2019-01-13 20:31:16.631588"]]
  [1m[36m (1.5ms)[0m  [1mcommit transaction[0m


Started GET "/posts" for ::1 at 2019-01-13 20:31:31 +0000
  [1m[36mActiveRecord::SchemaMigration Load (0.1ms)[0m  [1mSELECT "schema_migrations".* FROM "schema_migrations"[0m
Processing by PostsController#index as HTML
  [1m[35mPost Load (0.1ms)[0m  SELECT "posts".* FROM "posts"
  Rendered posts/index.html.erb within layouts/application (4.7ms)
Completed 200 OK in 186ms (Views: 179.0ms | ActiveRecord: 0.4ms)


Started GET "/posts/1" for ::1 at 2019-01-13 20:31:34 +0000
Processing by PostsController#show as HTML
  Parameters: {"id"=>"1"}
  [1m[36mPost Load (0.2ms)[0m  [1mSELECT  "posts".* FROM "posts" WHERE "posts"."id" = ? LIMIT 1[0m  [["id", 1]]
  Rendered posts/show.html.erb within layouts/application (0.3ms)
Completed 200 OK in 25ms (Views: 17.7ms | ActiveRecord: 0.2ms)


Started GET "/posts" for ::1 at 2019-01-13 20:31:40 +0000
Processing by PostsController#index as HTML
  [1m[35mPost Load (0.1ms)[0m  SELECT "posts".* FROM "posts"
  Rendered posts/index.html.erb within layouts/application (0.8ms)
Completed 200 OK in 19ms (Views: 17.9ms | ActiveRecord: 0.1ms)


Started GET "/posts/2" for ::1 at 2019-01-13 20:31:42 +0000
Processing by PostsController#show as HTML
  Parameters: {"id"=>"2"}
  [1m[36mPost Load (0.1ms)[0m  [1mSELECT  "posts".* FROM "posts" WHERE "posts"."id" = ? LIMIT 1[0m  [["id", 2]]
  Rendered posts/show.html.erb within layouts/application (0.1ms)
Completed 200 OK in 22ms (Views: 21.2ms | ActiveRecord: 0.1ms)


Started GET "/posts" for ::1 at 2019-01-13 20:31:51 +0000
Processing by PostsController#index as HTML
  [1m[35mPost Load (0.2ms)[0m  SELECT "posts".* FROM "posts"
  Rendered posts/index.html.erb within layouts/application (1.2ms)
Completed 200 OK in 20ms (Views: 19.3ms | ActiveRecord: 0.2ms)


Started GET "/posts/3" for ::1 at 2019-01-13 20:31:52 +0000
Processing by PostsController#show as HTML
  Parameters: {"id"=>"3"}
  [1m[36mPost Load (0.6ms)[0m  [1mSELECT  "posts".* FROM "posts" WHERE "posts"."id" = ? LIMIT 1[0m  [["id", 3]]
  Rendered posts/show.html.erb within layouts/application (0.1ms)
Completed 200 OK in 21ms (Views: 18.8ms | ActiveRecord: 0.6ms)


Started GET "/posts/2" for ::1 at 2019-01-13 20:31:56 +0000
Processing by PostsController#show as HTML
  Parameters: {"id"=>"2"}
  [1m[35mPost Load (0.1ms)[0m  SELECT  "posts".* FROM "posts" WHERE "posts"."id" = ? LIMIT 1  [["id", 2]]
  Rendered posts/show.html.erb within layouts/application (0.1ms)
Completed 200 OK in 19ms (Views: 18.7ms | ActiveRecord: 0.1ms)


Started GET "/posts/1" for ::1 at 2019-01-13 20:32:02 +0000
Processing by PostsController#show as HTML
  Parameters: {"id"=>"1"}
  [1m[36mPost Load (0.2ms)[0m  [1mSELECT  "posts".* FROM "posts" WHERE "posts"."id" = ? LIMIT 1[0m  [["id", 1]]
  Rendered posts/show.html.erb within layouts/application (0.1ms)
Completed 200 OK in 16ms (Views: 14.6ms | ActiveRecord: 0.2ms)


Started GET "/posts" for ::1 at 2019-01-13 20:32:05 +0000
Processing by PostsController#index as HTML
  [1m[35mPost Load (0.2ms)[0m  SELECT "posts".* FROM "posts"
  Rendered posts/index.html.erb within layouts/application (0.9ms)
Completed 200 OK in 23ms (Views: 21.7ms | ActiveRecord: 0.2ms)


Started GET "/posts/4" for ::1 at 2019-01-13 20:32:07 +0000
Processing by PostsController#show as HTML
  Parameters: {"id"=>"4"}
  [1m[36mPost Load (0.1ms)[0m  [1mSELECT  "posts".* FROM "posts" WHERE "posts"."id" = ? LIMIT 1[0m  [["id", 4]]
  Rendered posts/show.html.erb within layouts/application (0.1ms)
Completed 200 OK in 19ms (Views: 17.4ms | ActiveRecord: 0.1ms)


Started GET "/posts/4" for ::1 at 2019-01-13 20:34:17 +0000
Processing by PostsController#show as HTML
  Parameters: {"id"=>"4"}
  [1m[35mPost Load (0.1ms)[0m  SELECT  "posts".* FROM "posts" WHERE "posts"."id" = ? LIMIT 1  [["id", 4]]
  Rendered posts/show.html.erb within layouts/application (0.4ms)
Completed 200 OK in 15ms (Views: 14.5ms | ActiveRecord: 0.1ms)


Started GET "/posts" for ::1 at 2019-01-13 20:34:19 +0000
Processing by PostsController#index as HTML
  [1m[36mPost Load (0.1ms)[0m  [1mSELECT "posts".* FROM "posts"[0m
  Rendered posts/index.html.erb within layouts/application (0.9ms)
Completed 200 OK in 19ms (Views: 18.7ms | ActiveRecord: 0.1ms)


Started GET "/posts/3" for ::1 at 2019-01-13 20:35:32 +0000
Processing by PostsController#show as HTML
  Parameters: {"id"=>"3"}
  [1m[35mPost Load (0.1ms)[0m  SELECT  "posts".* FROM "posts" WHERE "posts"."id" = ? LIMIT 1  [["id", 3]]
  Rendered posts/show.html.erb within layouts/application (0.5ms)
Completed 200 OK in 21ms (Views: 19.7ms | ActiveRecord: 0.1ms)


Started GET "/posts" for ::1 at 2019-01-13 20:35:33 +0000
Processing by PostsController#index as HTML
  [1m[36mPost Load (0.1ms)[0m  [1mSELECT "posts".* FROM "posts"[0m
  Rendered posts/index.html.erb within layouts/application (0.9ms)
Completed 200 OK in 23ms (Views: 22.6ms | ActiveRecord: 0.1ms)
